<?xml version="1.0" encoding="UTF-8"?>
<!-- Generated by org.testng.reporters.JUnitReportReporter -->
<testsuite hostname="user-pc" name="testcase.detail.PersonTest" tests="4" failures="0" timestamp="20 Jun 2017 08:49:21 GMT" time="0.000" errors="0">
  <testcase name="EyeIsZero" time="0.000" classname="testcase.detail.PersonTest"/>
  <testcase name="EyesIsMore" time="0.000" classname="testcase.detail.PersonTest"/>
  <testcase name="EyeIsOne" time="0.000" classname="testcase.detail.PersonTest"/>
  <testcase name="EyesIsTwo" time="0.000" classname="testcase.detail.PersonTest"/>
</testsuite> <!-- testcase.detail.PersonTest -->
