<?xml version="1.0" encoding="UTF-8"?>
<!-- Generated by org.testng.reporters.JUnitReportReporter -->
<testsuite hostname="user-pc" name="testDemo1" tests="2" failures="0" timestamp="20 Jun 2017 08:49:21 GMT" time="0.000" errors="0">
  <testcase name="testCase2" time="0.000" classname="testDemo1"/>
  <testcase name="testCase1" time="0.000" classname="testDemo1"/>
</testsuite> <!-- testDemo1 -->
